<?xml version="1.0" encoding="UTF-8"?>
<!-- Generated by org.testng.reporters.JUnitXMLReporter -->
<testsuite hostname="abc-PC" name="RO" tests="4" failures="2" timestamp="28 Nov 2018 10:14:33 GMT" time="33.015" errors="0">
  <testcase name="Login" time="30.107" classname="ROAutomation.LaunchApp"/>
  <testcase name="TestManufacturer" time="2.226" classname="ROAutomation.LaunchApp">
    <failure type="java.lang.AssertionError" message="expected [Manufacturer Added Successfully!] but found []">
      <![CDATA[java.lang.AssertionError: expected [Manufacturer Added Successfully!] but found []
	at ROAutomation.Manufacture.AddManufacturer(Manufacture.java:50)
	at ROAutomation.LaunchApp.TestManufacturer(LaunchApp.java:50)
... Removed 29 stack frames]]>
    </failure>
  </testcase> <!-- TestManufacturer -->
  <testcase name="Testvehicle" time="0.002" classname="ROAutomation.LaunchApp"/>
  <testcase name="ownernamevalidation" time="0.004" classname="ROAutomation.vehicle">
    <failure type="java.lang.NullPointerException">
      <![CDATA[java.lang.NullPointerException
	at pageObjects.Vehicle.vehicleMenu(Vehicle.java:11)
	at ROAutomation.vehicle.ownernamevalidation(vehicle.java:179)
... Removed 24 stack frames]]>
    </failure>
  </testcase> <!-- ownernamevalidation -->
</testsuite> <!-- RO -->
