<?xml version="1.0" encoding="UTF-8"?>
<!-- Generated by org.testng.reporters.JUnitXMLReporter -->
<testsuite hostname="Sami_Android4" name="Tools QA" tests="9" failures="0" timestamp="13 Nov 2018 12:34:25 GMT" time="87.757" errors="0">
  <testcase name="Login" time="56.046" classname="ROAutomation.LaunchApp"/>
  <testcase name="AddManufacturer" time="12.854" classname="ROAutomation.Manufacture"/>
  <testcase name="TestRequiredFieldsValidation" time="1.63" classname="ROAutomation.Manufacture"/>
  <testcase name="checkAcNoFormatValidation" time="3.344" classname="ROAutomation.Manufacture"/>
  <testcase name="checkGSTFormatValidation" time="2.934" classname="ROAutomation.Manufacture"/>
  <testcase name="checkGSTUniqueValidation" time="2.638" classname="ROAutomation.Manufacture"/>
  <testcase name="checkIIFScFormatValidation" time="2.671" classname="ROAutomation.Manufacture"/>
  <testcase name="checkMobileNumberFormatValidation" time="2.636" classname="ROAutomation.Manufacture"/>
  <testcase name="checkMobileNumberNumericValidation" time="2.979" classname="ROAutomation.Manufacture"/>
</testsuite> <!-- Tools QA -->
